2022-12-27 02:06:59.836  INFO 40944 --- [restartedMain] c.p.project.FoootwearStoreApplication    : Starting FoootwearStoreApplication on LAPTOP-OQEVTO41 with PID 40944 (C:\Users\kanna\Downloads\Foootwear_store\Foootwear_store\target\classes started by kanna in C:\Users\kanna\Downloads\Foootwear_store\Foootwear_store)
2022-12-27 02:06:59.839  INFO 40944 --- [restartedMain] c.p.project.FoootwearStoreApplication    : No active profile set, falling back to default profiles: default
2022-12-27 02:06:59.908  INFO 40944 --- [restartedMain] .e.DevToolsPropertyDefaultsPostProcessor : Devtools property defaults active! Set 'spring.devtools.add-properties' to 'false' to disable
2022-12-27 02:06:59.911  INFO 40944 --- [restartedMain] .e.DevToolsPropertyDefaultsPostProcessor : For additional web related logging consider setting the 'logging.level.web' property to 'DEBUG'
2022-12-27 02:07:01.102  INFO 40944 --- [restartedMain] .s.d.r.c.RepositoryConfigurationDelegate : Bootstrapping Spring Data JPA repositories in DEFAULT mode.
2022-12-27 02:07:01.186  INFO 40944 --- [restartedMain] .s.d.r.c.RepositoryConfigurationDelegate : Finished Spring Data repository scanning in 75ms. Found 2 JPA repository interfaces.
2022-12-27 02:07:02.004  INFO 40944 --- [restartedMain] o.s.b.w.embedded.tomcat.TomcatWebServer  : Tomcat initialized with port(s): 8088 (http)
2022-12-27 02:07:02.020  INFO 40944 --- [restartedMain] o.apache.catalina.core.StandardService   : Starting service [Tomcat]
2022-12-27 02:07:02.021  INFO 40944 --- [restartedMain] org.apache.catalina.core.StandardEngine  : Starting Servlet engine: [Apache Tomcat/9.0.38]
2022-12-27 02:07:02.268  INFO 40944 --- [restartedMain] o.a.c.c.C.[Tomcat].[localhost].[/]       : Initializing Spring embedded WebApplicationContext
2022-12-27 02:07:02.268  INFO 40944 --- [restartedMain] w.s.c.ServletWebServerApplicationContext : Root WebApplicationContext: initialization completed in 2357 ms
2022-12-27 02:07:02.311  INFO 40944 --- [restartedMain] com.zaxxer.hikari.HikariDataSource       : HikariPool-1 - Starting...
2022-12-27 02:07:02.478  INFO 40944 --- [restartedMain] com.zaxxer.hikari.HikariDataSource       : HikariPool-1 - Start completed.
2022-12-27 02:07:02.485  INFO 40944 --- [restartedMain] o.s.b.a.h2.H2ConsoleAutoConfiguration    : H2 console available at '/h2-console'. Database available at 'jdbc:h2:mem:testdb'
2022-12-27 02:07:02.684  INFO 40944 --- [restartedMain] o.hibernate.jpa.internal.util.LogHelper  : HHH000204: Processing PersistenceUnitInfo [name: default]
2022-12-27 02:07:02.749  INFO 40944 --- [restartedMain] org.hibernate.Version                    : HHH000412: Hibernate ORM core version 5.4.21.Final
2022-12-27 02:07:02.901  INFO 40944 --- [restartedMain] o.hibernate.annotations.common.Version   : HCANN000001: Hibernate Commons Annotations {5.1.0.Final}
2022-12-27 02:07:03.059  INFO 40944 --- [restartedMain] org.hibernate.dialect.Dialect            : HHH000400: Using dialect: org.hibernate.dialect.H2Dialect
2022-12-27 02:07:03.734  INFO 40944 --- [restartedMain] o.h.e.t.j.p.i.JtaPlatformInitiator       : HHH000490: Using JtaPlatform implementation: [org.hibernate.engine.transaction.jta.platform.internal.NoJtaPlatform]
2022-12-27 02:07:03.741  INFO 40944 --- [restartedMain] j.LocalContainerEntityManagerFactoryBean : Initialized JPA EntityManagerFactory for persistence unit 'default'
2022-12-27 02:07:03.763  INFO 40944 --- [restartedMain] o.s.b.d.a.OptionalLiveReloadServer       : LiveReload server is running on port 35729
2022-12-27 02:07:03.822  WARN 40944 --- [restartedMain] JpaBaseConfiguration$JpaWebConfiguration : spring.jpa.open-in-view is enabled by default. Therefore, database queries may be performed during view rendering. Explicitly configure spring.jpa.open-in-view to disable this warning
2022-12-27 02:07:04.767  INFO 40944 --- [restartedMain] o.s.s.web.DefaultSecurityFilterChain     : Creating filter chain: any request, [org.springframework.security.web.context.request.async.WebAsyncManagerIntegrationFilter@4417d6b, org.springframework.security.web.context.SecurityContextPersistenceFilter@6475d7d9, org.springframework.security.web.header.HeaderWriterFilter@1c5c0738, org.springframework.security.web.authentication.logout.LogoutFilter@1ae2ff8e, org.springframework.security.web.authentication.www.BasicAuthenticationFilter@368c345e, org.springframework.security.web.savedrequest.RequestCacheAwareFilter@2356d32d, org.springframework.security.web.servletapi.SecurityContextHolderAwareRequestFilter@596da6fd, org.springframework.security.web.authentication.AnonymousAuthenticationFilter@23470450, org.springframework.security.web.session.SessionManagementFilter@13f2ec13, org.springframework.security.web.access.ExceptionTranslationFilter@1264d756, org.springframework.security.web.access.intercept.FilterSecurityInterceptor@13a7fccb]
2022-12-27 02:07:04.797  INFO 40944 --- [restartedMain] pertySourcedRequestMappingHandlerMapping : Mapped URL path [/v2/api-docs] onto method [springfox.documentation.swagger2.web.Swagger2Controller#getDocumentation(String, HttpServletRequest)]
2022-12-27 02:07:04.934  INFO 40944 --- [restartedMain] o.s.s.concurrent.ThreadPoolTaskExecutor  : Initializing ExecutorService 'applicationTaskExecutor'
2022-12-27 02:07:05.097  INFO 40944 --- [restartedMain] d.s.w.p.DocumentationPluginsBootstrapper : Context refreshed
2022-12-27 02:07:05.119  INFO 40944 --- [restartedMain] d.s.w.p.DocumentationPluginsBootstrapper : Found 1 custom documentation plugin(s)
2022-12-27 02:07:05.168  INFO 40944 --- [restartedMain] s.d.s.w.s.ApiListingReferenceScanner     : Scanning for api listing references
2022-12-27 02:07:05.223  INFO 40944 --- [restartedMain] o.s.b.w.embedded.tomcat.TomcatWebServer  : Tomcat started on port(s): 8088 (http) with context path ''
2022-12-27 02:07:05.227  INFO 40944 --- [restartedMain] c.p.project.FoootwearStoreApplication    : Started FoootwearStoreApplication in 5.884 seconds (JVM running for 6.836)
2022-12-27 02:07:27.627  INFO 40944 --- [http-nio-8088-exec-1] o.a.c.c.C.[Tomcat].[localhost].[/]       : Initializing Spring DispatcherServlet 'dispatcherServlet'
2022-12-27 02:07:27.627  INFO 40944 --- [http-nio-8088-exec-1] o.s.web.servlet.DispatcherServlet        : Initializing Servlet 'dispatcherServlet'
2022-12-27 02:07:27.634  INFO 40944 --- [http-nio-8088-exec-1] o.s.web.servlet.DispatcherServlet        : Completed initialization in 7 ms
2022-12-27 02:08:02.930  INFO 40944 --- [Thread-5] o.s.s.concurrent.ThreadPoolTaskExecutor  : Shutting down ExecutorService 'applicationTaskExecutor'
2022-12-27 02:08:02.934  INFO 40944 --- [Thread-5] j.LocalContainerEntityManagerFactoryBean : Closing JPA EntityManagerFactory for persistence unit 'default'
2022-12-27 02:08:02.935  INFO 40944 --- [Thread-5] .SchemaDropperImpl$DelayedDropActionImpl : HHH000477: Starting delayed evictData of schema as part of SessionFactory shut-down'
2022-12-27 02:08:03.161  WARN 40944 --- [Thread-5] o.s.b.f.support.DisposableBeanAdapter    : Invocation of destroy method failed on bean with name 'inMemoryDatabaseShutdownExecutor': org.h2.jdbc.JdbcSQLNonTransientConnectionException: Database is already closed (to disable automatic closing at VM shutdown, add ";DB_CLOSE_ON_EXIT=FALSE" to the db URL) [90121-200]
2022-12-27 02:08:03.162  INFO 40944 --- [Thread-5] com.zaxxer.hikari.HikariDataSource       : HikariPool-1 - Shutdown initiated...
2022-12-27 02:08:03.164  INFO 40944 --- [Thread-5] com.zaxxer.hikari.HikariDataSource       : HikariPool-1 - Shutdown completed.
2022-12-27 02:08:03.334  INFO 40944 --- [restartedMain] c.p.project.FoootwearStoreApplication    : Starting FoootwearStoreApplication on LAPTOP-OQEVTO41 with PID 40944 (C:\Users\kanna\Downloads\Foootwear_store\Foootwear_store\target\classes started by kanna in C:\Users\kanna\Downloads\Foootwear_store\Foootwear_store)
2022-12-27 02:08:03.335  INFO 40944 --- [restartedMain] c.p.project.FoootwearStoreApplication    : No active profile set, falling back to default profiles: default
2022-12-27 02:08:03.773  INFO 40944 --- [restartedMain] .s.d.r.c.RepositoryConfigurationDelegate : Bootstrapping Spring Data JPA repositories in DEFAULT mode.
2022-12-27 02:08:03.797  INFO 40944 --- [restartedMain] .s.d.r.c.RepositoryConfigurationDelegate : Finished Spring Data repository scanning in 23ms. Found 2 JPA repository interfaces.
2022-12-27 02:08:03.922  INFO 40944 --- [restartedMain] o.s.b.w.embedded.tomcat.TomcatWebServer  : Tomcat initialized with port(s): 8088 (http)
2022-12-27 02:08:03.923  INFO 40944 --- [restartedMain] o.apache.catalina.core.StandardService   : Starting service [Tomcat]
2022-12-27 02:08:03.924  INFO 40944 --- [restartedMain] org.apache.catalina.core.StandardEngine  : Starting Servlet engine: [Apache Tomcat/9.0.38]
2022-12-27 02:08:03.969  INFO 40944 --- [restartedMain] o.a.c.c.C.[Tomcat].[localhost].[/]       : Initializing Spring embedded WebApplicationContext
2022-12-27 02:08:03.969  INFO 40944 --- [restartedMain] w.s.c.ServletWebServerApplicationContext : Root WebApplicationContext: initialization completed in 631 ms
2022-12-27 02:08:03.987  INFO 40944 --- [restartedMain] com.zaxxer.hikari.HikariDataSource       : HikariPool-2 - Starting...
2022-12-27 02:08:03.990  INFO 40944 --- [restartedMain] com.zaxxer.hikari.HikariDataSource       : HikariPool-2 - Start completed.
2022-12-27 02:08:03.990  INFO 40944 --- [restartedMain] o.s.b.a.h2.H2ConsoleAutoConfiguration    : H2 console available at '/h2-console'. Database available at 'jdbc:h2:mem:testdb'
2022-12-27 02:08:04.036  INFO 40944 --- [restartedMain] o.hibernate.jpa.internal.util.LogHelper  : HHH000204: Processing PersistenceUnitInfo [name: default]
2022-12-27 02:08:04.044  INFO 40944 --- [restartedMain] org.hibernate.dialect.Dialect            : HHH000400: Using dialect: org.hibernate.dialect.H2Dialect
2022-12-27 02:08:04.111  INFO 40944 --- [restartedMain] o.h.e.t.j.p.i.JtaPlatformInitiator       : HHH000490: Using JtaPlatform implementation: [org.hibernate.engine.transaction.jta.platform.internal.NoJtaPlatform]
2022-12-27 02:08:04.111  INFO 40944 --- [restartedMain] j.LocalContainerEntityManagerFactoryBean : Initialized JPA EntityManagerFactory for persistence unit 'default'
2022-12-27 02:08:04.118  INFO 40944 --- [restartedMain] o.s.b.d.a.OptionalLiveReloadServer       : LiveReload server is running on port 35729
2022-12-27 02:08:04.138  WARN 40944 --- [restartedMain] JpaBaseConfiguration$JpaWebConfiguration : spring.jpa.open-in-view is enabled by default. Therefore, database queries may be performed during view rendering. Explicitly configure spring.jpa.open-in-view to disable this warning
2022-12-27 02:08:04.363  INFO 40944 --- [restartedMain] o.s.s.web.DefaultSecurityFilterChain     : Creating filter chain: any request, [org.springframework.security.web.context.request.async.WebAsyncManagerIntegrationFilter@3fa4cfcf, org.springframework.security.web.context.SecurityContextPersistenceFilter@51f66f9d, org.springframework.security.web.header.HeaderWriterFilter@23fbe7b5, org.springframework.security.web.authentication.logout.LogoutFilter@6b09933d, org.springframework.security.web.authentication.www.BasicAuthenticationFilter@4db8cf06, org.springframework.security.web.savedrequest.RequestCacheAwareFilter@42da5528, org.springframework.security.web.servletapi.SecurityContextHolderAwareRequestFilter@3e60c489, org.springframework.security.web.authentication.AnonymousAuthenticationFilter@2a72da5d, org.springframework.security.web.session.SessionManagementFilter@de75a24, org.springframework.security.web.access.ExceptionTranslationFilter@ec3bf94, org.springframework.security.web.access.intercept.FilterSecurityInterceptor@613d8ab0]
2022-12-27 02:08:04.371  INFO 40944 --- [restartedMain] pertySourcedRequestMappingHandlerMapping : Mapped URL path [/v2/api-docs] onto method [springfox.documentation.swagger2.web.Swagger2Controller#getDocumentation(String, HttpServletRequest)]
2022-12-27 02:08:04.414  INFO 40944 --- [restartedMain] o.s.s.concurrent.ThreadPoolTaskExecutor  : Initializing ExecutorService 'applicationTaskExecutor'
2022-12-27 02:08:04.473  INFO 40944 --- [restartedMain] d.s.w.p.DocumentationPluginsBootstrapper : Context refreshed
2022-12-27 02:08:04.474  INFO 40944 --- [restartedMain] d.s.w.p.DocumentationPluginsBootstrapper : Found 1 custom documentation plugin(s)
2022-12-27 02:08:04.492  INFO 40944 --- [restartedMain] s.d.s.w.s.ApiListingReferenceScanner     : Scanning for api listing references
2022-12-27 02:08:04.501  INFO 40944 --- [restartedMain] o.s.b.w.embedded.tomcat.TomcatWebServer  : Tomcat started on port(s): 8088 (http) with context path ''
2022-12-27 02:08:04.502  INFO 40944 --- [restartedMain] c.p.project.FoootwearStoreApplication    : Started FoootwearStoreApplication in 1.202 seconds (JVM running for 66.112)
2022-12-27 02:08:04.504  INFO 40944 --- [restartedMain] .ConditionEvaluationDeltaLoggingListener : Condition evaluation unchanged
2022-12-27 02:08:15.010  INFO 40944 --- [http-nio-8088-exec-1] o.a.c.c.C.[Tomcat].[localhost].[/]       : Initializing Spring DispatcherServlet 'dispatcherServlet'
2022-12-27 02:08:15.010  INFO 40944 --- [http-nio-8088-exec-1] o.s.web.servlet.DispatcherServlet        : Initializing Servlet 'dispatcherServlet'
2022-12-27 02:08:15.012  INFO 40944 --- [http-nio-8088-exec-1] o.s.web.servlet.DispatcherServlet        : Completed initialization in 2 ms
2022-12-27 02:08:40.770  INFO 40944 --- [Thread-9] o.s.s.concurrent.ThreadPoolTaskExecutor  : Shutting down ExecutorService 'applicationTaskExecutor'
2022-12-27 02:08:40.773  INFO 40944 --- [Thread-9] j.LocalContainerEntityManagerFactoryBean : Closing JPA EntityManagerFactory for persistence unit 'default'
2022-12-27 02:08:40.774  INFO 40944 --- [Thread-9] .SchemaDropperImpl$DelayedDropActionImpl : HHH000477: Starting delayed evictData of schema as part of SessionFactory shut-down'
2022-12-27 02:08:40.987  WARN 40944 --- [Thread-9] o.s.b.f.support.DisposableBeanAdapter    : Invocation of destroy method failed on bean with name 'inMemoryDatabaseShutdownExecutor': org.h2.jdbc.JdbcSQLNonTransientConnectionException: Database is already closed (to disable automatic closing at VM shutdown, add ";DB_CLOSE_ON_EXIT=FALSE" to the db URL) [90121-200]
2022-12-27 02:08:40.988  INFO 40944 --- [Thread-9] com.zaxxer.hikari.HikariDataSource       : HikariPool-2 - Shutdown initiated...
2022-12-27 02:08:40.990  INFO 40944 --- [Thread-9] com.zaxxer.hikari.HikariDataSource       : HikariPool-2 - Shutdown completed.
2022-12-27 02:08:41.164  INFO 40944 --- [restartedMain] c.p.project.FoootwearStoreApplication    : Starting FoootwearStoreApplication on LAPTOP-OQEVTO41 with PID 40944 (C:\Users\kanna\Downloads\Foootwear_store\Foootwear_store\target\classes started by kanna in C:\Users\kanna\Downloads\Foootwear_store\Foootwear_store)
2022-12-27 02:08:41.165  INFO 40944 --- [restartedMain] c.p.project.FoootwearStoreApplication    : No active profile set, falling back to default profiles: default
2022-12-27 02:08:41.566  INFO 40944 --- [restartedMain] .s.d.r.c.RepositoryConfigurationDelegate : Bootstrapping Spring Data JPA repositories in DEFAULT mode.
2022-12-27 02:08:41.589  INFO 40944 --- [restartedMain] .s.d.r.c.RepositoryConfigurationDelegate : Finished Spring Data repository scanning in 21ms. Found 2 JPA repository interfaces.
2022-12-27 02:08:41.710  INFO 40944 --- [restartedMain] o.s.b.w.embedded.tomcat.TomcatWebServer  : Tomcat initialized with port(s): 8088 (http)
2022-12-27 02:08:41.711  INFO 40944 --- [restartedMain] o.apache.catalina.core.StandardService   : Starting service [Tomcat]
2022-12-27 02:08:41.711  INFO 40944 --- [restartedMain] org.apache.catalina.core.StandardEngine  : Starting Servlet engine: [Apache Tomcat/9.0.38]
2022-12-27 02:08:41.748  INFO 40944 --- [restartedMain] o.a.c.c.C.[Tomcat].[localhost].[/]       : Initializing Spring embedded WebApplicationContext
2022-12-27 02:08:41.748  INFO 40944 --- [restartedMain] w.s.c.ServletWebServerApplicationContext : Root WebApplicationContext: initialization completed in 581 ms
2022-12-27 02:08:41.763  INFO 40944 --- [restartedMain] com.zaxxer.hikari.HikariDataSource       : HikariPool-3 - Starting...
2022-12-27 02:08:41.766  INFO 40944 --- [restartedMain] com.zaxxer.hikari.HikariDataSource       : HikariPool-3 - Start completed.
2022-12-27 02:08:41.766  INFO 40944 --- [restartedMain] o.s.b.a.h2.H2ConsoleAutoConfiguration    : H2 console available at '/h2-console'. Database available at 'jdbc:h2:mem:testdb'
2022-12-27 02:08:41.803  INFO 40944 --- [restartedMain] o.hibernate.jpa.internal.util.LogHelper  : HHH000204: Processing PersistenceUnitInfo [name: default]
2022-12-27 02:08:41.812  INFO 40944 --- [restartedMain] org.hibernate.dialect.Dialect            : HHH000400: Using dialect: org.hibernate.dialect.H2Dialect
2022-12-27 02:08:41.870  INFO 40944 --- [restartedMain] o.h.e.t.j.p.i.JtaPlatformInitiator       : HHH000490: Using JtaPlatform implementation: [org.hibernate.engine.transaction.jta.platform.internal.NoJtaPlatform]
2022-12-27 02:08:41.870  INFO 40944 --- [restartedMain] j.LocalContainerEntityManagerFactoryBean : Initialized JPA EntityManagerFactory for persistence unit 'default'
2022-12-27 02:08:41.876  INFO 40944 --- [restartedMain] o.s.b.d.a.OptionalLiveReloadServer       : LiveReload server is running on port 35729
2022-12-27 02:08:41.893  WARN 40944 --- [restartedMain] JpaBaseConfiguration$JpaWebConfiguration : spring.jpa.open-in-view is enabled by default. Therefore, database queries may be performed during view rendering. Explicitly configure spring.jpa.open-in-view to disable this warning
2022-12-27 02:08:42.077  INFO 40944 --- [restartedMain] o.s.s.web.DefaultSecurityFilterChain     : Creating filter chain: any request, [org.springframework.security.web.context.request.async.WebAsyncManagerIntegrationFilter@6409ab5f, org.springframework.security.web.context.SecurityContextPersistenceFilter@681b6059, org.springframework.security.web.header.HeaderWriterFilter@53be810f, org.springframework.security.web.authentication.logout.LogoutFilter@31094d1c, org.springframework.security.web.authentication.www.BasicAuthenticationFilter@4e000a4, org.springframework.security.web.savedrequest.RequestCacheAwareFilter@155b937b, org.springframework.security.web.servletapi.SecurityContextHolderAwareRequestFilter@324ade26, org.springframework.security.web.authentication.AnonymousAuthenticationFilter@46f11efe, org.springframework.security.web.session.SessionManagementFilter@35f0a52b, org.springframework.security.web.access.ExceptionTranslationFilter@6ba2d3e2, org.springframework.security.web.access.intercept.FilterSecurityInterceptor@7a1eb742]
2022-12-27 02:08:42.082  INFO 40944 --- [restartedMain] pertySourcedRequestMappingHandlerMapping : Mapped URL path [/v2/api-docs] onto method [springfox.documentation.swagger2.web.Swagger2Controller#getDocumentation(String, HttpServletRequest)]
2022-12-27 02:08:42.114  INFO 40944 --- [restartedMain] o.s.s.concurrent.ThreadPoolTaskExecutor  : Initializing ExecutorService 'applicationTaskExecutor'
2022-12-27 02:08:42.161  INFO 40944 --- [restartedMain] d.s.w.p.DocumentationPluginsBootstrapper : Context refreshed
2022-12-27 02:08:42.162  INFO 40944 --- [restartedMain] d.s.w.p.DocumentationPluginsBootstrapper : Found 1 custom documentation plugin(s)
2022-12-27 02:08:42.175  INFO 40944 --- [restartedMain] s.d.s.w.s.ApiListingReferenceScanner     : Scanning for api listing references
2022-12-27 02:08:42.295  INFO 40944 --- [restartedMain] .d.s.w.r.o.CachingOperationNameGenerator : Generating unique operation named: getAllShoeUsingGET_1
2022-12-27 02:08:42.306  INFO 40944 --- [restartedMain] o.s.b.w.embedded.tomcat.TomcatWebServer  : Tomcat started on port(s): 8088 (http) with context path ''
2022-12-27 02:08:42.307  INFO 40944 --- [restartedMain] c.p.project.FoootwearStoreApplication    : Started FoootwearStoreApplication in 1.181 seconds (JVM running for 103.916)
2022-12-27 02:08:42.308  INFO 40944 --- [restartedMain] .ConditionEvaluationDeltaLoggingListener : Condition evaluation unchanged
2022-12-27 02:08:48.937  INFO 40944 --- [http-nio-8088-exec-1] o.a.c.c.C.[Tomcat].[localhost].[/]       : Initializing Spring DispatcherServlet 'dispatcherServlet'
2022-12-27 02:08:48.938  INFO 40944 --- [http-nio-8088-exec-1] o.s.web.servlet.DispatcherServlet        : Initializing Servlet 'dispatcherServlet'
2022-12-27 02:08:48.940  INFO 40944 --- [http-nio-8088-exec-1] o.s.web.servlet.DispatcherServlet        : Completed initialization in 2 ms
2022-12-27 02:11:58.782  INFO 40944 --- [Thread-14] o.s.s.concurrent.ThreadPoolTaskExecutor  : Shutting down ExecutorService 'applicationTaskExecutor'
2022-12-27 02:11:58.784  INFO 40944 --- [Thread-14] j.LocalContainerEntityManagerFactoryBean : Closing JPA EntityManagerFactory for persistence unit 'default'
2022-12-27 02:11:58.785  INFO 40944 --- [Thread-14] .SchemaDropperImpl$DelayedDropActionImpl : HHH000477: Starting delayed evictData of schema as part of SessionFactory shut-down'
2022-12-27 02:11:58.995  WARN 40944 --- [Thread-14] o.s.b.f.support.DisposableBeanAdapter    : Invocation of destroy method failed on bean with name 'inMemoryDatabaseShutdownExecutor': org.h2.jdbc.JdbcSQLNonTransientConnectionException: Database is already closed (to disable automatic closing at VM shutdown, add ";DB_CLOSE_ON_EXIT=FALSE" to the db URL) [90121-200]
2022-12-27 02:11:58.996  INFO 40944 --- [Thread-14] com.zaxxer.hikari.HikariDataSource       : HikariPool-3 - Shutdown initiated...
2022-12-27 02:11:58.996  INFO 40944 --- [Thread-14] com.zaxxer.hikari.HikariDataSource       : HikariPool-3 - Shutdown completed.
2022-12-27 02:11:59.173  INFO 40944 --- [restartedMain] c.p.project.FoootwearStoreApplication    : Starting FoootwearStoreApplication on LAPTOP-OQEVTO41 with PID 40944 (C:\Users\kanna\Downloads\Foootwear_store\Foootwear_store\target\classes started by kanna in C:\Users\kanna\Downloads\Foootwear_store\Foootwear_store)
2022-12-27 02:11:59.174  INFO 40944 --- [restartedMain] c.p.project.FoootwearStoreApplication    : No active profile set, falling back to default profiles: default
2022-12-27 02:11:59.570  INFO 40944 --- [restartedMain] .s.d.r.c.RepositoryConfigurationDelegate : Bootstrapping Spring Data JPA repositories in DEFAULT mode.
2022-12-27 02:11:59.592  INFO 40944 --- [restartedMain] .s.d.r.c.RepositoryConfigurationDelegate : Finished Spring Data repository scanning in 21ms. Found 2 JPA repository interfaces.
2022-12-27 02:11:59.686  INFO 40944 --- [restartedMain] o.s.b.w.embedded.tomcat.TomcatWebServer  : Tomcat initialized with port(s): 8088 (http)
2022-12-27 02:11:59.687  INFO 40944 --- [restartedMain] o.apache.catalina.core.StandardService   : Starting service [Tomcat]
2022-12-27 02:11:59.688  INFO 40944 --- [restartedMain] org.apache.catalina.core.StandardEngine  : Starting Servlet engine: [Apache Tomcat/9.0.38]
2022-12-27 02:11:59.727  INFO 40944 --- [restartedMain] o.a.c.c.C.[Tomcat].[localhost].[/]       : Initializing Spring embedded WebApplicationContext
2022-12-27 02:11:59.727  INFO 40944 --- [restartedMain] w.s.c.ServletWebServerApplicationContext : Root WebApplicationContext: initialization completed in 550 ms
2022-12-27 02:11:59.743  INFO 40944 --- [restartedMain] com.zaxxer.hikari.HikariDataSource       : HikariPool-4 - Starting...
2022-12-27 02:11:59.745  INFO 40944 --- [restartedMain] com.zaxxer.hikari.HikariDataSource       : HikariPool-4 - Start completed.
2022-12-27 02:11:59.746  INFO 40944 --- [restartedMain] o.s.b.a.h2.H2ConsoleAutoConfiguration    : H2 console available at '/h2-console'. Database available at 'jdbc:h2:mem:testdb'
2022-12-27 02:11:59.786  INFO 40944 --- [restartedMain] o.hibernate.jpa.internal.util.LogHelper  : HHH000204: Processing PersistenceUnitInfo [name: default]
2022-12-27 02:11:59.793  INFO 40944 --- [restartedMain] org.hibernate.dialect.Dialect            : HHH000400: Using dialect: org.hibernate.dialect.H2Dialect
2022-12-27 02:11:59.855  INFO 40944 --- [restartedMain] o.h.e.t.j.p.i.JtaPlatformInitiator       : HHH000490: Using JtaPlatform implementation: [org.hibernate.engine.transaction.jta.platform.internal.NoJtaPlatform]
2022-12-27 02:11:59.855  INFO 40944 --- [restartedMain] j.LocalContainerEntityManagerFactoryBean : Initialized JPA EntityManagerFactory for persistence unit 'default'
2022-12-27 02:11:59.861  INFO 40944 --- [restartedMain] o.s.b.d.a.OptionalLiveReloadServer       : LiveReload server is running on port 35729
2022-12-27 02:11:59.878  WARN 40944 --- [restartedMain] JpaBaseConfiguration$JpaWebConfiguration : spring.jpa.open-in-view is enabled by default. Therefore, database queries may be performed during view rendering. Explicitly configure spring.jpa.open-in-view to disable this warning
2022-12-27 02:11:59.937  WARN 40944 --- [restartedMain] ConfigServletWebServerApplicationContext : Exception encountered during context initialization - cancelling refresh attempt: org.springframework.beans.factory.UnsatisfiedDependencyException: Error creating bean with name 'crudController': Unsatisfied dependency expressed through field 'service'; nested exception is org.springframework.beans.factory.BeanCreationException: Error creating bean with name 'shoeImpl': Invocation of init method failed; nested exception is java.lang.Error: Unresolved compilation problems: 
	The constructor PurchaseReport(int, String, String, Date, String) is undefined
	The constructor PurchaseReport(int, String, String, Date, String) is undefined
	The constructor PurchaseReport(int, String, String, Date, String) is undefined
	The constructor PurchaseReport(int, String, String, Date, String) is undefined

2022-12-27 02:11:59.938  INFO 40944 --- [restartedMain] j.LocalContainerEntityManagerFactoryBean : Closing JPA EntityManagerFactory for persistence unit 'default'
2022-12-27 02:11:59.938  INFO 40944 --- [restartedMain] .SchemaDropperImpl$DelayedDropActionImpl : HHH000477: Starting delayed evictData of schema as part of SessionFactory shut-down'
2022-12-27 02:12:00.145  WARN 40944 --- [restartedMain] o.s.b.f.support.DisposableBeanAdapter    : Invocation of destroy method failed on bean with name 'inMemoryDatabaseShutdownExecutor': org.h2.jdbc.JdbcSQLNonTransientConnectionException: Database is already closed (to disable automatic closing at VM shutdown, add ";DB_CLOSE_ON_EXIT=FALSE" to the db URL) [90121-200]
2022-12-27 02:12:00.145  INFO 40944 --- [restartedMain] com.zaxxer.hikari.HikariDataSource       : HikariPool-4 - Shutdown initiated...
2022-12-27 02:12:00.146  INFO 40944 --- [restartedMain] com.zaxxer.hikari.HikariDataSource       : HikariPool-4 - Shutdown completed.
2022-12-27 02:12:00.147  INFO 40944 --- [restartedMain] o.apache.catalina.core.StandardService   : Stopping service [Tomcat]
2022-12-27 02:12:00.154  INFO 40944 --- [restartedMain] ConditionEvaluationReportLoggingListener : 

Error starting ApplicationContext. To display the conditions report re-run your application with 'debug' enabled.
2022-12-27 02:12:00.162 ERROR 40944 --- [restartedMain] o.s.boot.SpringApplication               : Application run failed

org.springframework.beans.factory.UnsatisfiedDependencyException: Error creating bean with name 'crudController': Unsatisfied dependency expressed through field 'service'; nested exception is org.springframework.beans.factory.BeanCreationException: Error creating bean with name 'shoeImpl': Invocation of init method failed; nested exception is java.lang.Error: Unresolved compilation problems: 
	The constructor PurchaseReport(int, String, String, Date, String) is undefined
	The constructor PurchaseReport(int, String, String, Date, String) is undefined
	The constructor PurchaseReport(int, String, String, Date, String) is undefined
	The constructor PurchaseReport(int, String, String, Date, String) is undefined

	at org.springframework.beans.factory.annotation.AutowiredAnnotationBeanPostProcessor$AutowiredFieldElement.inject(AutowiredAnnotationBeanPostProcessor.java:643) ~[spring-beans-5.2.9.RELEASE.jar:5.2.9.RELEASE]
	at org.springframework.beans.factory.annotation.InjectionMetadata.inject(InjectionMetadata.java:130) ~[spring-beans-5.2.9.RELEASE.jar:5.2.9.RELEASE]
	at org.springframework.beans.factory.annotation.AutowiredAnnotationBeanPostProcessor.postProcessProperties(AutowiredAnnotationBeanPostProcessor.java:399) ~[spring-beans-5.2.9.RELEASE.jar:5.2.9.RELEASE]
	at org.springframework.beans.factory.support.AbstractAutowireCapableBeanFactory.populateBean(AbstractAutowireCapableBeanFactory.java:1420) ~[spring-beans-5.2.9.RELEASE.jar:5.2.9.RELEASE]
	at org.springframework.beans.factory.support.AbstractAutowireCapableBeanFactory.doCreateBean(AbstractAutowireCapableBeanFactory.java:593) ~[spring-beans-5.2.9.RELEASE.jar:5.2.9.RELEASE]
	at org.springframework.beans.factory.support.AbstractAutowireCapableBeanFactory.createBean(AbstractAutowireCapableBeanFactory.java:516) ~[spring-beans-5.2.9.RELEASE.jar:5.2.9.RELEASE]
	at org.springframework.beans.factory.support.AbstractBeanFactory.lambda$doGetBean$0(AbstractBeanFactory.java:324) ~[spring-beans-5.2.9.RELEASE.jar:5.2.9.RELEASE]
	at org.springframework.beans.factory.support.DefaultSingletonBeanRegistry.getSingleton(DefaultSingletonBeanRegistry.java:234) ~[spring-beans-5.2.9.RELEASE.jar:5.2.9.RELEASE]
	at org.springframework.beans.factory.support.AbstractBeanFactory.doGetBean(AbstractBeanFactory.java:322) ~[spring-beans-5.2.9.RELEASE.jar:5.2.9.RELEASE]
	at org.springframework.beans.factory.support.AbstractBeanFactory.getBean(AbstractBeanFactory.java:202) ~[spring-beans-5.2.9.RELEASE.jar:5.2.9.RELEASE]
	at org.springframework.beans.factory.support.DefaultListableBeanFactory.preInstantiateSingletons(DefaultListableBeanFactory.java:897) ~[spring-beans-5.2.9.RELEASE.jar:5.2.9.RELEASE]
	at org.springframework.context.support.AbstractApplicationContext.finishBeanFactoryInitialization(AbstractApplicationContext.java:879) ~[spring-context-5.2.9.RELEASE.jar:5.2.9.RELEASE]
	at org.springframework.context.support.AbstractApplicationContext.refresh(AbstractApplicationContext.java:551) ~[spring-context-5.2.9.RELEASE.jar:5.2.9.RELEASE]
	at org.springframework.boot.web.servlet.context.ServletWebServerApplicationContext.refresh(ServletWebServerApplicationContext.java:141) ~[spring-boot-2.2.10.RELEASE.jar:2.2.10.RELEASE]
	at org.springframework.boot.SpringApplication.refresh(SpringApplication.java:747) ~[spring-boot-2.2.10.RELEASE.jar:2.2.10.RELEASE]
	at org.springframework.boot.SpringApplication.refreshContext(SpringApplication.java:397) ~[spring-boot-2.2.10.RELEASE.jar:2.2.10.RELEASE]
	at org.springframework.boot.SpringApplication.run(SpringApplication.java:315) ~[spring-boot-2.2.10.RELEASE.jar:2.2.10.RELEASE]
	at org.springframework.boot.SpringApplication.run(SpringApplication.java:1226) ~[spring-boot-2.2.10.RELEASE.jar:2.2.10.RELEASE]
	at org.springframework.boot.SpringApplication.run(SpringApplication.java:1215) ~[spring-boot-2.2.10.RELEASE.jar:2.2.10.RELEASE]
	at com.phase4.project.FoootwearStoreApplication.main(FoootwearStoreApplication.java:12) ~[classes/:na]
	at java.base/jdk.internal.reflect.DirectMethodHandleAccessor.invoke(DirectMethodHandleAccessor.java:104) ~[na:na]
	at java.base/java.lang.reflect.Method.invoke(Method.java:577) ~[na:na]
	at org.springframework.boot.devtools.restart.RestartLauncher.run(RestartLauncher.java:49) ~[spring-boot-devtools-2.2.10.RELEASE.jar:2.2.10.RELEASE]
Caused by: org.springframework.beans.factory.BeanCreationException: Error creating bean with name 'shoeImpl': Invocation of init method failed; nested exception is java.lang.Error: Unresolved compilation problems: 
	The constructor PurchaseReport(int, String, String, Date, String) is undefined
	The constructor PurchaseReport(int, String, String, Date, String) is undefined
	The constructor PurchaseReport(int, String, String, Date, String) is undefined
	The constructor PurchaseReport(int, String, String, Date, String) is undefined

	at org.springframework.beans.factory.annotation.InitDestroyAnnotationBeanPostProcessor.postProcessBeforeInitialization(InitDestroyAnnotationBeanPostProcessor.java:160) ~[spring-beans-5.2.9.RELEASE.jar:5.2.9.RELEASE]
	at org.springframework.beans.factory.support.AbstractAutowireCapableBeanFactory.applyBeanPostProcessorsBeforeInitialization(AbstractAutowireCapableBeanFactory.java:415) ~[spring-beans-5.2.9.RELEASE.jar:5.2.9.RELEASE]
	at org.springframework.beans.factory.support.AbstractAutowireCapableBeanFactory.initializeBean(AbstractAutowireCapableBeanFactory.java:1786) ~[spring-beans-5.2.9.RELEASE.jar:5.2.9.RELEASE]
	at org.springframework.beans.factory.support.AbstractAutowireCapableBeanFactory.doCreateBean(AbstractAutowireCapableBeanFactory.java:594) ~[spring-beans-5.2.9.RELEASE.jar:5.2.9.RELEASE]
	at org.springframework.beans.factory.support.AbstractAutowireCapableBeanFactory.createBean(AbstractAutowireCapableBeanFactory.java:516) ~[spring-beans-5.2.9.RELEASE.jar:5.2.9.RELEASE]
	at org.springframework.beans.factory.support.AbstractBeanFactory.lambda$doGetBean$0(AbstractBeanFactory.java:324) ~[spring-beans-5.2.9.RELEASE.jar:5.2.9.RELEASE]
	at org.springframework.beans.factory.support.DefaultSingletonBeanRegistry.getSingleton(DefaultSingletonBeanRegistry.java:234) ~[spring-beans-5.2.9.RELEASE.jar:5.2.9.RELEASE]
	at org.springframework.beans.factory.support.AbstractBeanFactory.doGetBean(AbstractBeanFactory.java:322) ~[spring-beans-5.2.9.RELEASE.jar:5.2.9.RELEASE]
	at org.springframework.beans.factory.support.AbstractBeanFactory.getBean(AbstractBeanFactory.java:202) ~[spring-beans-5.2.9.RELEASE.jar:5.2.9.RELEASE]
	at org.springframework.beans.factory.config.DependencyDescriptor.resolveCandidate(DependencyDescriptor.java:276) ~[spring-beans-5.2.9.RELEASE.jar:5.2.9.RELEASE]
	at org.springframework.beans.factory.support.DefaultListableBeanFactory.doResolveDependency(DefaultListableBeanFactory.java:1307) ~[spring-beans-5.2.9.RELEASE.jar:5.2.9.RELEASE]
	at org.springframework.beans.factory.support.DefaultListableBeanFactory.resolveDependency(DefaultListableBeanFactory.java:1227) ~[spring-beans-5.2.9.RELEASE.jar:5.2.9.RELEASE]
	at org.springframework.beans.factory.annotation.AutowiredAnnotationBeanPostProcessor$AutowiredFieldElement.inject(AutowiredAnnotationBeanPostProcessor.java:640) ~[spring-beans-5.2.9.RELEASE.jar:5.2.9.RELEASE]
	... 22 common frames omitted
Caused by: java.lang.Error: Unresolved compilation problems: 
	The constructor PurchaseReport(int, String, String, Date, String) is undefined
	The constructor PurchaseReport(int, String, String, Date, String) is undefined
	The constructor PurchaseReport(int, String, String, Date, String) is undefined
	The constructor PurchaseReport(int, String, String, Date, String) is undefined

	at com.phase4.project.service.Impl.ShoeImpl.init(ShoeImpl.java:43) ~[classes/:na]
	at java.base/jdk.internal.reflect.DirectMethodHandleAccessor.invoke(DirectMethodHandleAccessor.java:104) ~[na:na]
	at java.base/java.lang.reflect.Method.invoke(Method.java:577) ~[na:na]
	at org.springframework.beans.factory.annotation.InitDestroyAnnotationBeanPostProcessor$LifecycleElement.invoke(InitDestroyAnnotationBeanPostProcessor.java:389) ~[spring-beans-5.2.9.RELEASE.jar:5.2.9.RELEASE]
	at org.springframework.beans.factory.annotation.InitDestroyAnnotationBeanPostProcessor$LifecycleMetadata.invokeInitMethods(InitDestroyAnnotationBeanPostProcessor.java:333) ~[spring-beans-5.2.9.RELEASE.jar:5.2.9.RELEASE]
	at org.springframework.beans.factory.annotation.InitDestroyAnnotationBeanPostProcessor.postProcessBeforeInitialization(InitDestroyAnnotationBeanPostProcessor.java:157) ~[spring-beans-5.2.9.RELEASE.jar:5.2.9.RELEASE]
	... 34 common frames omitted

2022-12-27 02:12:58.555  INFO 40944 --- [restartedMain] c.p.project.FoootwearStoreApplication    : Starting FoootwearStoreApplication on LAPTOP-OQEVTO41 with PID 40944 (C:\Users\kanna\Downloads\Foootwear_store\Foootwear_store\target\classes started by kanna in C:\Users\kanna\Downloads\Foootwear_store\Foootwear_store)
2022-12-27 02:12:58.556  INFO 40944 --- [restartedMain] c.p.project.FoootwearStoreApplication    : No active profile set, falling back to default profiles: default
2022-12-27 02:12:58.954  INFO 40944 --- [restartedMain] .s.d.r.c.RepositoryConfigurationDelegate : Bootstrapping Spring Data JPA repositories in DEFAULT mode.
2022-12-27 02:12:58.975  INFO 40944 --- [restartedMain] .s.d.r.c.RepositoryConfigurationDelegate : Finished Spring Data repository scanning in 20ms. Found 2 JPA repository interfaces.
2022-12-27 02:12:59.077  INFO 40944 --- [restartedMain] o.s.b.w.embedded.tomcat.TomcatWebServer  : Tomcat initialized with port(s): 8088 (http)
2022-12-27 02:12:59.078  INFO 40944 --- [restartedMain] o.apache.catalina.core.StandardService   : Starting service [Tomcat]
2022-12-27 02:12:59.078  INFO 40944 --- [restartedMain] org.apache.catalina.core.StandardEngine  : Starting Servlet engine: [Apache Tomcat/9.0.38]
2022-12-27 02:12:59.112  INFO 40944 --- [restartedMain] o.a.c.c.C.[Tomcat-1].[localhost].[/]     : Initializing Spring embedded WebApplicationContext
2022-12-27 02:12:59.112  INFO 40944 --- [restartedMain] w.s.c.ServletWebServerApplicationContext : Root WebApplicationContext: initialization completed in 554 ms
2022-12-27 02:12:59.122  INFO 40944 --- [restartedMain] com.zaxxer.hikari.HikariDataSource       : HikariPool-5 - Starting...
2022-12-27 02:12:59.125  INFO 40944 --- [restartedMain] com.zaxxer.hikari.HikariDataSource       : HikariPool-5 - Start completed.
2022-12-27 02:12:59.125  INFO 40944 --- [restartedMain] o.s.b.a.h2.H2ConsoleAutoConfiguration    : H2 console available at '/h2-console'. Database available at 'jdbc:h2:mem:testdb'
2022-12-27 02:12:59.157  INFO 40944 --- [restartedMain] o.hibernate.jpa.internal.util.LogHelper  : HHH000204: Processing PersistenceUnitInfo [name: default]
2022-12-27 02:12:59.164  INFO 40944 --- [restartedMain] org.hibernate.dialect.Dialect            : HHH000400: Using dialect: org.hibernate.dialect.H2Dialect
2022-12-27 02:12:59.211  INFO 40944 --- [restartedMain] o.h.e.t.j.p.i.JtaPlatformInitiator       : HHH000490: Using JtaPlatform implementation: [org.hibernate.engine.transaction.jta.platform.internal.NoJtaPlatform]
2022-12-27 02:12:59.212  INFO 40944 --- [restartedMain] j.LocalContainerEntityManagerFactoryBean : Initialized JPA EntityManagerFactory for persistence unit 'default'
2022-12-27 02:12:59.218  INFO 40944 --- [restartedMain] o.s.b.d.a.OptionalLiveReloadServer       : LiveReload server is running on port 35729
2022-12-27 02:12:59.234  WARN 40944 --- [restartedMain] JpaBaseConfiguration$JpaWebConfiguration : spring.jpa.open-in-view is enabled by default. Therefore, database queries may be performed during view rendering. Explicitly configure spring.jpa.open-in-view to disable this warning
2022-12-27 02:12:59.293  WARN 40944 --- [restartedMain] ConfigServletWebServerApplicationContext : Exception encountered during context initialization - cancelling refresh attempt: org.springframework.beans.factory.UnsatisfiedDependencyException: Error creating bean with name 'crudController': Unsatisfied dependency expressed through field 'service'; nested exception is org.springframework.beans.factory.BeanCreationException: Error creating bean with name 'shoeImpl': Invocation of init method failed; nested exception is java.lang.Error: Unresolved compilation problems: 
	The constructor Shoe(String, String, String) is undefined
	The constructor Shoe(String, String, String) is undefined
	The constructor Shoe(String, String, String) is undefined
	The constructor Shoe(String, String, String) is undefined

2022-12-27 02:12:59.293  INFO 40944 --- [restartedMain] j.LocalContainerEntityManagerFactoryBean : Closing JPA EntityManagerFactory for persistence unit 'default'
2022-12-27 02:12:59.293  INFO 40944 --- [restartedMain] .SchemaDropperImpl$DelayedDropActionImpl : HHH000477: Starting delayed evictData of schema as part of SessionFactory shut-down'
2022-12-27 02:12:59.502  WARN 40944 --- [restartedMain] o.s.b.f.support.DisposableBeanAdapter    : Invocation of destroy method failed on bean with name 'inMemoryDatabaseShutdownExecutor': org.h2.jdbc.JdbcSQLNonTransientConnectionException: Database is already closed (to disable automatic closing at VM shutdown, add ";DB_CLOSE_ON_EXIT=FALSE" to the db URL) [90121-200]
2022-12-27 02:12:59.502  INFO 40944 --- [restartedMain] com.zaxxer.hikari.HikariDataSource       : HikariPool-5 - Shutdown initiated...
2022-12-27 02:12:59.503  INFO 40944 --- [restartedMain] com.zaxxer.hikari.HikariDataSource       : HikariPool-5 - Shutdown completed.
2022-12-27 02:12:59.504  INFO 40944 --- [restartedMain] o.apache.catalina.core.StandardService   : Stopping service [Tomcat]
2022-12-27 02:12:59.510  INFO 40944 --- [restartedMain] ConditionEvaluationReportLoggingListener : 

Error starting ApplicationContext. To display the conditions report re-run your application with 'debug' enabled.
2022-12-27 02:12:59.512 ERROR 40944 --- [restartedMain] o.s.boot.SpringApplication               : Application run failed

org.springframework.beans.factory.UnsatisfiedDependencyException: Error creating bean with name 'crudController': Unsatisfied dependency expressed through field 'service'; nested exception is org.springframework.beans.factory.BeanCreationException: Error creating bean with name 'shoeImpl': Invocation of init method failed; nested exception is java.lang.Error: Unresolved compilation problems: 
	The constructor Shoe(String, String, String) is undefined
	The constructor Shoe(String, String, String) is undefined
	The constructor Shoe(String, String, String) is undefined
	The constructor Shoe(String, String, String) is undefined

	at org.springframework.beans.factory.annotation.AutowiredAnnotationBeanPostProcessor$AutowiredFieldElement.inject(AutowiredAnnotationBeanPostProcessor.java:643) ~[spring-beans-5.2.9.RELEASE.jar:5.2.9.RELEASE]
	at org.springframework.beans.factory.annotation.InjectionMetadata.inject(InjectionMetadata.java:130) ~[spring-beans-5.2.9.RELEASE.jar:5.2.9.RELEASE]
	at org.springframework.beans.factory.annotation.AutowiredAnnotationBeanPostProcessor.postProcessProperties(AutowiredAnnotationBeanPostProcessor.java:399) ~[spring-beans-5.2.9.RELEASE.jar:5.2.9.RELEASE]
	at org.springframework.beans.factory.support.AbstractAutowireCapableBeanFactory.populateBean(AbstractAutowireCapableBeanFactory.java:1420) ~[spring-beans-5.2.9.RELEASE.jar:5.2.9.RELEASE]
	at org.springframework.beans.factory.support.AbstractAutowireCapableBeanFactory.doCreateBean(AbstractAutowireCapableBeanFactory.java:593) ~[spring-beans-5.2.9.RELEASE.jar:5.2.9.RELEASE]
	at org.springframework.beans.factory.support.AbstractAutowireCapableBeanFactory.createBean(AbstractAutowireCapableBeanFactory.java:516) ~[spring-beans-5.2.9.RELEASE.jar:5.2.9.RELEASE]
	at org.springframework.beans.factory.support.AbstractBeanFactory.lambda$doGetBean$0(AbstractBeanFactory.java:324) ~[spring-beans-5.2.9.RELEASE.jar:5.2.9.RELEASE]
	at org.springframework.beans.factory.support.DefaultSingletonBeanRegistry.getSingleton(DefaultSingletonBeanRegistry.java:234) ~[spring-beans-5.2.9.RELEASE.jar:5.2.9.RELEASE]
	at org.springframework.beans.factory.support.AbstractBeanFactory.doGetBean(AbstractBeanFactory.java:322) ~[spring-beans-5.2.9.RELEASE.jar:5.2.9.RELEASE]
	at org.springframework.beans.factory.support.AbstractBeanFactory.getBean(AbstractBeanFactory.java:202) ~[spring-beans-5.2.9.RELEASE.jar:5.2.9.RELEASE]
	at org.springframework.beans.factory.support.DefaultListableBeanFactory.preInstantiateSingletons(DefaultListableBeanFactory.java:897) ~[spring-beans-5.2.9.RELEASE.jar:5.2.9.RELEASE]
	at org.springframework.context.support.AbstractApplicationContext.finishBeanFactoryInitialization(AbstractApplicationContext.java:879) ~[spring-context-5.2.9.RELEASE.jar:5.2.9.RELEASE]
	at org.springframework.context.support.AbstractApplicationContext.refresh(AbstractApplicationContext.java:551) ~[spring-context-5.2.9.RELEASE.jar:5.2.9.RELEASE]
	at org.springframework.boot.web.servlet.context.ServletWebServerApplicationContext.refresh(ServletWebServerApplicationContext.java:141) ~[spring-boot-2.2.10.RELEASE.jar:2.2.10.RELEASE]
	at org.springframework.boot.SpringApplication.refresh(SpringApplication.java:747) ~[spring-boot-2.2.10.RELEASE.jar:2.2.10.RELEASE]
	at org.springframework.boot.SpringApplication.refreshContext(SpringApplication.java:397) ~[spring-boot-2.2.10.RELEASE.jar:2.2.10.RELEASE]
	at org.springframework.boot.SpringApplication.run(SpringApplication.java:315) ~[spring-boot-2.2.10.RELEASE.jar:2.2.10.RELEASE]
	at org.springframework.boot.SpringApplication.run(SpringApplication.java:1226) ~[spring-boot-2.2.10.RELEASE.jar:2.2.10.RELEASE]
	at org.springframework.boot.SpringApplication.run(SpringApplication.java:1215) ~[spring-boot-2.2.10.RELEASE.jar:2.2.10.RELEASE]
	at com.phase4.project.FoootwearStoreApplication.main(FoootwearStoreApplication.java:12) ~[classes/:na]
	at java.base/jdk.internal.reflect.DirectMethodHandleAccessor.invoke(DirectMethodHandleAccessor.java:104) ~[na:na]
	at java.base/java.lang.reflect.Method.invoke(Method.java:577) ~[na:na]
	at org.springframework.boot.devtools.restart.RestartLauncher.run(RestartLauncher.java:49) ~[spring-boot-devtools-2.2.10.RELEASE.jar:2.2.10.RELEASE]
Caused by: org.springframework.beans.factory.BeanCreationException: Error creating bean with name 'shoeImpl': Invocation of init method failed; nested exception is java.lang.Error: Unresolved compilation problems: 
	The constructor Shoe(String, String, String) is undefined
	The constructor Shoe(String, String, String) is undefined
	The constructor Shoe(String, String, String) is undefined
	The constructor Shoe(String, String, String) is undefined

	at org.springframework.beans.factory.annotation.InitDestroyAnnotationBeanPostProcessor.postProcessBeforeInitialization(InitDestroyAnnotationBeanPostProcessor.java:160) ~[spring-beans-5.2.9.RELEASE.jar:5.2.9.RELEASE]
	at org.springframework.beans.factory.support.AbstractAutowireCapableBeanFactory.applyBeanPostProcessorsBeforeInitialization(AbstractAutowireCapableBeanFactory.java:415) ~[spring-beans-5.2.9.RELEASE.jar:5.2.9.RELEASE]
	at org.springframework.beans.factory.support.AbstractAutowireCapableBeanFactory.initializeBean(AbstractAutowireCapableBeanFactory.java:1786) ~[spring-beans-5.2.9.RELEASE.jar:5.2.9.RELEASE]
	at org.springframework.beans.factory.support.AbstractAutowireCapableBeanFactory.doCreateBean(AbstractAutowireCapableBeanFactory.java:594) ~[spring-beans-5.2.9.RELEASE.jar:5.2.9.RELEASE]
	at org.springframework.beans.factory.support.AbstractAutowireCapableBeanFactory.createBean(AbstractAutowireCapableBeanFactory.java:516) ~[spring-beans-5.2.9.RELEASE.jar:5.2.9.RELEASE]
	at org.springframework.beans.factory.support.AbstractBeanFactory.lambda$doGetBean$0(AbstractBeanFactory.java:324) ~[spring-beans-5.2.9.RELEASE.jar:5.2.9.RELEASE]
	at org.springframework.beans.factory.support.DefaultSingletonBeanRegistry.getSingleton(DefaultSingletonBeanRegistry.java:234) ~[spring-beans-5.2.9.RELEASE.jar:5.2.9.RELEASE]
	at org.springframework.beans.factory.support.AbstractBeanFactory.doGetBean(AbstractBeanFactory.java:322) ~[spring-beans-5.2.9.RELEASE.jar:5.2.9.RELEASE]
	at org.springframework.beans.factory.support.AbstractBeanFactory.getBean(AbstractBeanFactory.java:202) ~[spring-beans-5.2.9.RELEASE.jar:5.2.9.RELEASE]
	at org.springframework.beans.factory.config.DependencyDescriptor.resolveCandidate(DependencyDescriptor.java:276) ~[spring-beans-5.2.9.RELEASE.jar:5.2.9.RELEASE]
	at org.springframework.beans.factory.support.DefaultListableBeanFactory.doResolveDependency(DefaultListableBeanFactory.java:1307) ~[spring-beans-5.2.9.RELEASE.jar:5.2.9.RELEASE]
	at org.springframework.beans.factory.support.DefaultListableBeanFactory.resolveDependency(DefaultListableBeanFactory.java:1227) ~[spring-beans-5.2.9.RELEASE.jar:5.2.9.RELEASE]
	at org.springframework.beans.factory.annotation.AutowiredAnnotationBeanPostProcessor$AutowiredFieldElement.inject(AutowiredAnnotationBeanPostProcessor.java:640) ~[spring-beans-5.2.9.RELEASE.jar:5.2.9.RELEASE]
	... 22 common frames omitted
Caused by: java.lang.Error: Unresolved compilation problems: 
	The constructor Shoe(String, String, String) is undefined
	The constructor Shoe(String, String, String) is undefined
	The constructor Shoe(String, String, String) is undefined
	The constructor Shoe(String, String, String) is undefined

	at com.phase4.project.service.Impl.ShoeImpl.init(ShoeImpl.java:32) ~[classes/:na]
	at java.base/jdk.internal.reflect.DirectMethodHandleAccessor.invoke(DirectMethodHandleAccessor.java:104) ~[na:na]
	at java.base/java.lang.reflect.Method.invoke(Method.java:577) ~[na:na]
	at org.springframework.beans.factory.annotation.InitDestroyAnnotationBeanPostProcessor$LifecycleElement.invoke(InitDestroyAnnotationBeanPostProcessor.java:389) ~[spring-beans-5.2.9.RELEASE.jar:5.2.9.RELEASE]
	at org.springframework.beans.factory.annotation.InitDestroyAnnotationBeanPostProcessor$LifecycleMetadata.invokeInitMethods(InitDestroyAnnotationBeanPostProcessor.java:333) ~[spring-beans-5.2.9.RELEASE.jar:5.2.9.RELEASE]
	at org.springframework.beans.factory.annotation.InitDestroyAnnotationBeanPostProcessor.postProcessBeforeInitialization(InitDestroyAnnotationBeanPostProcessor.java:157) ~[spring-beans-5.2.9.RELEASE.jar:5.2.9.RELEASE]
	... 34 common frames omitted

2022-12-27 02:13:21.467  INFO 40944 --- [restartedMain] c.p.project.FoootwearStoreApplication    : Starting FoootwearStoreApplication on LAPTOP-OQEVTO41 with PID 40944 (C:\Users\kanna\Downloads\Foootwear_store\Foootwear_store\target\classes started by kanna in C:\Users\kanna\Downloads\Foootwear_store\Foootwear_store)
2022-12-27 02:13:21.467  INFO 40944 --- [restartedMain] c.p.project.FoootwearStoreApplication    : No active profile set, falling back to default profiles: default
2022-12-27 02:13:21.831  INFO 40944 --- [restartedMain] .s.d.r.c.RepositoryConfigurationDelegate : Bootstrapping Spring Data JPA repositories in DEFAULT mode.
2022-12-27 02:13:21.850  INFO 40944 --- [restartedMain] .s.d.r.c.RepositoryConfigurationDelegate : Finished Spring Data repository scanning in 18ms. Found 2 JPA repository interfaces.
2022-12-27 02:13:21.954  INFO 40944 --- [restartedMain] o.s.b.w.embedded.tomcat.TomcatWebServer  : Tomcat initialized with port(s): 8088 (http)
2022-12-27 02:13:21.955  INFO 40944 --- [restartedMain] o.apache.catalina.core.StandardService   : Starting service [Tomcat]
2022-12-27 02:13:21.955  INFO 40944 --- [restartedMain] org.apache.catalina.core.StandardEngine  : Starting Servlet engine: [Apache Tomcat/9.0.38]
2022-12-27 02:13:22.005  INFO 40944 --- [restartedMain] o.a.c.c.C.[Tomcat-2].[localhost].[/]     : Initializing Spring embedded WebApplicationContext
2022-12-27 02:13:22.005  INFO 40944 --- [restartedMain] w.s.c.ServletWebServerApplicationContext : Root WebApplicationContext: initialization completed in 536 ms
2022-12-27 02:13:22.017  INFO 40944 --- [restartedMain] com.zaxxer.hikari.HikariDataSource       : HikariPool-6 - Starting...
2022-12-27 02:13:22.019  INFO 40944 --- [restartedMain] com.zaxxer.hikari.HikariDataSource       : HikariPool-6 - Start completed.
2022-12-27 02:13:22.020  INFO 40944 --- [restartedMain] o.s.b.a.h2.H2ConsoleAutoConfiguration    : H2 console available at '/h2-console'. Database available at 'jdbc:h2:mem:testdb'
2022-12-27 02:13:22.053  INFO 40944 --- [restartedMain] o.hibernate.jpa.internal.util.LogHelper  : HHH000204: Processing PersistenceUnitInfo [name: default]
2022-12-27 02:13:22.060  INFO 40944 --- [restartedMain] org.hibernate.dialect.Dialect            : HHH000400: Using dialect: org.hibernate.dialect.H2Dialect
2022-12-27 02:13:22.106  INFO 40944 --- [restartedMain] o.h.e.t.j.p.i.JtaPlatformInitiator       : HHH000490: Using JtaPlatform implementation: [org.hibernate.engine.transaction.jta.platform.internal.NoJtaPlatform]
2022-12-27 02:13:22.106  INFO 40944 --- [restartedMain] j.LocalContainerEntityManagerFactoryBean : Initialized JPA EntityManagerFactory for persistence unit 'default'
2022-12-27 02:13:22.112  INFO 40944 --- [restartedMain] o.s.b.d.a.OptionalLiveReloadServer       : LiveReload server is running on port 35729
2022-12-27 02:13:22.127  WARN 40944 --- [restartedMain] JpaBaseConfiguration$JpaWebConfiguration : spring.jpa.open-in-view is enabled by default. Therefore, database queries may be performed during view rendering. Explicitly configure spring.jpa.open-in-view to disable this warning
2022-12-27 02:13:22.271  INFO 40944 --- [restartedMain] o.s.s.web.DefaultSecurityFilterChain     : Creating filter chain: any request, [org.springframework.security.web.context.request.async.WebAsyncManagerIntegrationFilter@21860ea4, org.springframework.security.web.context.SecurityContextPersistenceFilter@67c40e6b, org.springframework.security.web.header.HeaderWriterFilter@7d6da203, org.springframework.security.web.authentication.logout.LogoutFilter@1b3dd56, org.springframework.security.web.authentication.www.BasicAuthenticationFilter@16afe4eb, org.springframework.security.web.savedrequest.RequestCacheAwareFilter@34b0ac32, org.springframework.security.web.servletapi.SecurityContextHolderAwareRequestFilter@245d7d1d, org.springframework.security.web.authentication.AnonymousAuthenticationFilter@3acf1f1, org.springframework.security.web.session.SessionManagementFilter@42740104, org.springframework.security.web.access.ExceptionTranslationFilter@21ee5938, org.springframework.security.web.access.intercept.FilterSecurityInterceptor@3fd6633f]
2022-12-27 02:13:22.276  INFO 40944 --- [restartedMain] pertySourcedRequestMappingHandlerMapping : Mapped URL path [/v2/api-docs] onto method [springfox.documentation.swagger2.web.Swagger2Controller#getDocumentation(String, HttpServletRequest)]
2022-12-27 02:13:22.306  INFO 40944 --- [restartedMain] o.s.s.concurrent.ThreadPoolTaskExecutor  : Initializing ExecutorService 'applicationTaskExecutor'
2022-12-27 02:13:22.347  INFO 40944 --- [restartedMain] d.s.w.p.DocumentationPluginsBootstrapper : Context refreshed
2022-12-27 02:13:22.347  INFO 40944 --- [restartedMain] d.s.w.p.DocumentationPluginsBootstrapper : Found 1 custom documentation plugin(s)
2022-12-27 02:13:22.365  INFO 40944 --- [restartedMain] s.d.s.w.s.ApiListingReferenceScanner     : Scanning for api listing references
2022-12-27 02:13:22.421  INFO 40944 --- [restartedMain] .d.s.w.r.o.CachingOperationNameGenerator : Generating unique operation named: getAllShoeUsingGET_1
2022-12-27 02:13:22.428  INFO 40944 --- [restartedMain] o.s.b.w.embedded.tomcat.TomcatWebServer  : Tomcat started on port(s): 8088 (http) with context path ''
2022-12-27 02:13:22.429  INFO 40944 --- [restartedMain] c.p.project.FoootwearStoreApplication    : Started FoootwearStoreApplication in 0.99 seconds (JVM running for 384.038)
2022-12-27 02:13:22.430  INFO 40944 --- [restartedMain] .ConditionEvaluationDeltaLoggingListener : Condition evaluation unchanged
2022-12-27 02:14:01.001  INFO 40944 --- [Thread-19] o.s.s.concurrent.ThreadPoolTaskExecutor  : Shutting down ExecutorService 'applicationTaskExecutor'
2022-12-27 02:14:01.002  INFO 40944 --- [Thread-19] j.LocalContainerEntityManagerFactoryBean : Closing JPA EntityManagerFactory for persistence unit 'default'
2022-12-27 02:14:01.002  INFO 40944 --- [Thread-19] .SchemaDropperImpl$DelayedDropActionImpl : HHH000477: Starting delayed evictData of schema as part of SessionFactory shut-down'
2022-12-27 02:14:01.206  WARN 40944 --- [Thread-19] o.s.b.f.support.DisposableBeanAdapter    : Invocation of destroy method failed on bean with name 'inMemoryDatabaseShutdownExecutor': org.h2.jdbc.JdbcSQLNonTransientConnectionException: Database is already closed (to disable automatic closing at VM shutdown, add ";DB_CLOSE_ON_EXIT=FALSE" to the db URL) [90121-200]
2022-12-27 02:14:01.206  INFO 40944 --- [Thread-19] com.zaxxer.hikari.HikariDataSource       : HikariPool-6 - Shutdown initiated...
2022-12-27 02:14:01.207  INFO 40944 --- [Thread-19] com.zaxxer.hikari.HikariDataSource       : HikariPool-6 - Shutdown completed.
2022-12-27 02:14:01.380  INFO 40944 --- [restartedMain] c.p.project.FoootwearStoreApplication    : Starting FoootwearStoreApplication on LAPTOP-OQEVTO41 with PID 40944 (C:\Users\kanna\Downloads\Foootwear_store\Foootwear_store\target\classes started by kanna in C:\Users\kanna\Downloads\Foootwear_store\Foootwear_store)
2022-12-27 02:14:01.380  INFO 40944 --- [restartedMain] c.p.project.FoootwearStoreApplication    : No active profile set, falling back to default profiles: default
2022-12-27 02:14:01.722  INFO 40944 --- [restartedMain] .s.d.r.c.RepositoryConfigurationDelegate : Bootstrapping Spring Data JPA repositories in DEFAULT mode.
2022-12-27 02:14:01.743  INFO 40944 --- [restartedMain] .s.d.r.c.RepositoryConfigurationDelegate : Finished Spring Data repository scanning in 20ms. Found 2 JPA repository interfaces.
2022-12-27 02:14:01.826  INFO 40944 --- [restartedMain] o.s.b.w.embedded.tomcat.TomcatWebServer  : Tomcat initialized with port(s): 8088 (http)
2022-12-27 02:14:01.827  INFO 40944 --- [restartedMain] o.apache.catalina.core.StandardService   : Starting service [Tomcat]
2022-12-27 02:14:01.827  INFO 40944 --- [restartedMain] org.apache.catalina.core.StandardEngine  : Starting Servlet engine: [Apache Tomcat/9.0.38]
2022-12-27 02:14:01.862  INFO 40944 --- [restartedMain] o.a.c.c.C.[Tomcat-2].[localhost].[/]     : Initializing Spring embedded WebApplicationContext
2022-12-27 02:14:01.862  INFO 40944 --- [restartedMain] w.s.c.ServletWebServerApplicationContext : Root WebApplicationContext: initialization completed in 480 ms
2022-12-27 02:14:01.871  INFO 40944 --- [restartedMain] com.zaxxer.hikari.HikariDataSource       : HikariPool-7 - Starting...
2022-12-27 02:14:01.873  INFO 40944 --- [restartedMain] com.zaxxer.hikari.HikariDataSource       : HikariPool-7 - Start completed.
2022-12-27 02:14:01.873  INFO 40944 --- [restartedMain] o.s.b.a.h2.H2ConsoleAutoConfiguration    : H2 console available at '/h2-console'. Database available at 'jdbc:h2:mem:testdb'
2022-12-27 02:14:01.903  INFO 40944 --- [restartedMain] o.hibernate.jpa.internal.util.LogHelper  : HHH000204: Processing PersistenceUnitInfo [name: default]
2022-12-27 02:14:01.909  INFO 40944 --- [restartedMain] org.hibernate.dialect.Dialect            : HHH000400: Using dialect: org.hibernate.dialect.H2Dialect
2022-12-27 02:14:01.952  INFO 40944 --- [restartedMain] o.h.e.t.j.p.i.JtaPlatformInitiator       : HHH000490: Using JtaPlatform implementation: [org.hibernate.engine.transaction.jta.platform.internal.NoJtaPlatform]
2022-12-27 02:14:01.952  INFO 40944 --- [restartedMain] j.LocalContainerEntityManagerFactoryBean : Initialized JPA EntityManagerFactory for persistence unit 'default'
2022-12-27 02:14:01.957  INFO 40944 --- [restartedMain] o.s.b.d.a.OptionalLiveReloadServer       : LiveReload server is running on port 35729
2022-12-27 02:14:01.970  WARN 40944 --- [restartedMain] JpaBaseConfiguration$JpaWebConfiguration : spring.jpa.open-in-view is enabled by default. Therefore, database queries may be performed during view rendering. Explicitly configure spring.jpa.open-in-view to disable this warning
2022-12-27 02:14:02.095  INFO 40944 --- [restartedMain] o.s.s.web.DefaultSecurityFilterChain     : Creating filter chain: any request, [org.springframework.security.web.context.request.async.WebAsyncManagerIntegrationFilter@287f6254, org.springframework.security.web.context.SecurityContextPersistenceFilter@15ad0292, org.springframework.security.web.header.HeaderWriterFilter@34b23833, org.springframework.security.web.authentication.logout.LogoutFilter@57240ab9, org.springframework.security.web.authentication.www.BasicAuthenticationFilter@76b453f7, org.springframework.security.web.savedrequest.RequestCacheAwareFilter@7ebf1952, org.springframework.security.web.servletapi.SecurityContextHolderAwareRequestFilter@5be9c516, org.springframework.security.web.authentication.AnonymousAuthenticationFilter@3b8a20dc, org.springframework.security.web.session.SessionManagementFilter@126c728c, org.springframework.security.web.access.ExceptionTranslationFilter@53dd885, org.springframework.security.web.access.intercept.FilterSecurityInterceptor@18e92fb0]
2022-12-27 02:14:02.099  INFO 40944 --- [restartedMain] pertySourcedRequestMappingHandlerMapping : Mapped URL path [/v2/api-docs] onto method [springfox.documentation.swagger2.web.Swagger2Controller#getDocumentation(String, HttpServletRequest)]
2022-12-27 02:14:02.132  INFO 40944 --- [restartedMain] o.s.s.concurrent.ThreadPoolTaskExecutor  : Initializing ExecutorService 'applicationTaskExecutor'
2022-12-27 02:14:02.179  INFO 40944 --- [restartedMain] d.s.w.p.DocumentationPluginsBootstrapper : Context refreshed
2022-12-27 02:14:02.180  INFO 40944 --- [restartedMain] d.s.w.p.DocumentationPluginsBootstrapper : Found 1 custom documentation plugin(s)
2022-12-27 02:14:02.190  INFO 40944 --- [restartedMain] s.d.s.w.s.ApiListingReferenceScanner     : Scanning for api listing references
2022-12-27 02:14:02.233  INFO 40944 --- [restartedMain] .d.s.w.r.o.CachingOperationNameGenerator : Generating unique operation named: getAllShoeUsingGET_1
2022-12-27 02:14:02.241  INFO 40944 --- [restartedMain] o.s.b.w.embedded.tomcat.TomcatWebServer  : Tomcat started on port(s): 8088 (http) with context path ''
2022-12-27 02:14:02.242  INFO 40944 --- [restartedMain] c.p.project.FoootwearStoreApplication    : Started FoootwearStoreApplication in 0.892 seconds (JVM running for 423.851)
2022-12-27 02:14:02.243  INFO 40944 --- [restartedMain] .ConditionEvaluationDeltaLoggingListener : Condition evaluation unchanged
2022-12-27 02:15:06.548  INFO 40944 --- [http-nio-8088-exec-9] o.a.c.c.C.[Tomcat-2].[localhost].[/]     : Initializing Spring DispatcherServlet 'dispatcherServlet'
2022-12-27 02:15:06.548  INFO 40944 --- [http-nio-8088-exec-9] o.s.web.servlet.DispatcherServlet        : Initializing Servlet 'dispatcherServlet'
2022-12-27 02:15:06.550  INFO 40944 --- [http-nio-8088-exec-9] o.s.web.servlet.DispatcherServlet        : Completed initialization in 2 ms
2022-12-27 02:17:55.575  WARN 40944 --- [http-nio-8088-exec-10] .w.s.m.s.DefaultHandlerExceptionResolver : Resolved [org.springframework.web.HttpMediaTypeNotSupportedException: Content type 'text/plain;charset=UTF-8' not supported]
2022-12-27 14:08:19.048  WARN 40944 --- [HikariPool-7 housekeeper] com.zaxxer.hikari.pool.HikariPool        : HikariPool-7 - Thread starvation or clock leap detected (housekeeper delta=11h29m19s819ms608s900ns).
